#
# A fatal error has been detected by the Java Runtime Environment:
#
#  SIGSEGV (0xb) at pc=0x00007f970fc55857, pid=905278, tid=905412
#
# JRE version: OpenJDK Runtime Environment (21.0.11+10) (build 21.0.11+10-1-22.04.2-Ubuntu)
# Java VM: OpenJDK 64-Bit Server VM (21.0.11+10-1-22.04.2-Ubuntu, mixed mode, sharing, tiered, compressed oops, compressed class ptrs, g1 gc, linux-amd64)
# Problematic frame:
# C  [libc.so.6+0xa2857]
[timeout occurred during error reporting in step "printing problematic frame"] after 30 s.
# Core dump will be written. Default location: Core dumps may be processed with "/wsl-capture-crash %t %E %p %s" (or dumping to /home/esteban/src/_msp_bench/core.905278)
#
# If you would like to submit a bug report, please visit:
#   https://bugs.launchpad.net/ubuntu/+source/openjdk-21
# The crash happened outside the Java Virtual Machine in native code.
# See problematic frame for where to report the bug.
#

---------------  S U M M A R Y ------------

Command Line: -Xmx1g -Djava.library.path=/usr/local/lib -XX:+IgnoreUnrecognizedVMOptions --add-opens=java.base/java.lang=ALL-UNNAMED --add-opens=java.base/java.lang.invoke=ALL-UNNAMED --add-opens=java.base/java.lang.reflect=ALL-UNNAMED --add-opens=java.base/java.io=ALL-UNNAMED --add-opens=java.base/java.net=ALL-UNNAMED --add-opens=java.base/java.nio=ALL-UNNAMED --add-opens=java.base/java.util=ALL-UNNAMED --add-opens=java.base/java.util.concurrent=ALL-UNNAMED --add-opens=java.base/java.util.concurrent.atomic=ALL-UNNAMED --add-opens=java.base/jdk.internal.ref=ALL-UNNAMED --add-opens=java.base/sun.nio.ch=ALL-UNNAMED --add-opens=java.base/sun.nio.cs=ALL-UNNAMED --add-opens=java.base/sun.security.action=ALL-UNNAMED --add-opens=java.base/sun.util.calendar=ALL-UNNAMED --add-opens=java.security.jgss/sun.security.krb5=ALL-UNNAMED -Djdk.reflect.useDirectMethodHandle=false org.apache.spark.deploy.SparkSubmit --master local[1] --conf spark.driver.extraJavaOptions=-Djava.library.path=/usr/local/lib --class org.mobilitydb.spark.demo.BerlinMODDemo --jars libs/JMEOS-1.4.jar target/mobilityspark-0.1.0-SNAPSHOT-spark.jar berlinmod/data berlinmod/expected

Host: Intel(R) Core(TM) Ultra 7 155H, 
[timeout occurred during error reporting in step "printing summary machine and OS info"] after 30 s.
Time: Sat Jun 13 13:55:01 2026 CEST elapsed time: 99.292555 seconds (0d 0h 1m 39s)

---------------  T H R E A D  ---------------

Current thread (0x00007f960c02c840):  JavaThread "Executor task launch worker for task 1.0 in stage 22.0 (TID 20)" daemon [_thread_in_native, id=905412, stack(0x00007f95a81a1000,0x00007f95a82a1000) (1024K)]

Stack: [0x00007f95a81a1000,0x00007f95a82a1000],  sp=0x00007f95a82936b0,  free space=969k
Native frames: (J=compiled Java code, j=interpreted, Vv=VM code, C=native code)
C  [libc.so.6+0xa2857]
------ Timeout during error reporting after 120 s. ------
